Determining if the pthread_create exist failed with the following output:
Change Dir: /home/vlt/catkin_ws/build/CMakeFiles/CMakeTmp

Run Build Command:"/usr/bin/make" "cmTC_d046d/fast"
/usr/bin/make -f CMakeFiles/cmTC_d046d.dir/build.make CMakeFiles/cmTC_d046d.dir/build
make[1]: Entering directory '/home/vlt/catkin_ws/build/CMakeFiles/CMakeTmp'
Building C object CMakeFiles/cmTC_d046d.dir/CheckSymbolExists.c.o
/usr/bin/cc     -o CMakeFiles/cmTC_d046d.dir/CheckSymbolExists.c.o   -c /home/vlt/catkin_ws/build/CMakeFiles/CMakeTmp/CheckSymbolExists.c
Linking C executable cmTC_d046d
/usr/bin/cmake -E cmake_link_script CMakeFiles/cmTC_d046d.dir/link.txt --verbose=1
/usr/bin/cc       CMakeFiles/cmTC_d046d.dir/CheckSymbolExists.c.o  -o cmTC_d046d -rdynamic 
CMakeFiles/cmTC_d046d.dir/CheckSymbolExists.c.o: In function `main':
CheckSymbolExists.c:(.text+0x16): undefined reference to `pthread_create'
collect2: error: ld returned 1 exit status
CMakeFiles/cmTC_d046d.dir/build.make:97: recipe for target 'cmTC_d046d' failed
make[1]: *** [cmTC_d046d] Error 1
make[1]: Leaving directory '/home/vlt/catkin_ws/build/CMakeFiles/CMakeTmp'
Makefile:126: recipe for target 'cmTC_d046d/fast' failed
make: *** [cmTC_d046d/fast] Error 2

File /home/vlt/catkin_ws/build/CMakeFiles/CMakeTmp/CheckSymbolExists.c:
/* */
#include <pthread.h>

int main(int argc, char** argv)
{
  (void)argv;
#ifndef pthread_create
  return ((int*)(&pthread_create))[argc];
#else
  (void)argc;
  return 0;
#endif
}

Determining if the function pthread_create exists in the pthreads failed with the following output:
Change Dir: /home/vlt/catkin_ws/build/CMakeFiles/CMakeTmp

Run Build Command:"/usr/bin/make" "cmTC_207cb/fast"
/usr/bin/make -f CMakeFiles/cmTC_207cb.dir/build.make CMakeFiles/cmTC_207cb.dir/build
make[1]: Entering directory '/home/vlt/catkin_ws/build/CMakeFiles/CMakeTmp'
Building C object CMakeFiles/cmTC_207cb.dir/CheckFunctionExists.c.o
/usr/bin/cc    -DCHECK_FUNCTION_EXISTS=pthread_create   -o CMakeFiles/cmTC_207cb.dir/CheckFunctionExists.c.o   -c /usr/share/cmake-3.5/Modules/CheckFunctionExists.c
Linking C executable cmTC_207cb
/usr/bin/cmake -E cmake_link_script CMakeFiles/cmTC_207cb.dir/link.txt --verbose=1
/usr/bin/cc   -DCHECK_FUNCTION_EXISTS=pthread_create    CMakeFiles/cmTC_207cb.dir/CheckFunctionExists.c.o  -o cmTC_207cb -rdynamic -lpthreads 
/usr/bin/ld: cannot find -lpthreads
collect2: error: ld returned 1 exit status
CMakeFiles/cmTC_207cb.dir/build.make:97: recipe for target 'cmTC_207cb' failed
make[1]: *** [cmTC_207cb] Error 1
make[1]: Leaving directory '/home/vlt/catkin_ws/build/CMakeFiles/CMakeTmp'
Makefile:126: recipe for target 'cmTC_207cb/fast' failed
make: *** [cmTC_207cb/fast] Error 2


